<!DOCTYPE html PUBLIC "-//W3C//DTD XHTML 1.1//EN" "https://www.w3.org/TR/xhtml11/DTD/xhtml11.dtd">
<html xmlns="https://www.w3.org/1999/xhtml">
<head>
<meta http-equiv="content-type" content="text/html; charset=UTF-8"/>
<title>TestNG Report</title>
<style type="text/css">table {margin-bottom:10px;border-collapse:collapse;empty-cells:show}th,td {border:1px solid #009;padding:.25em .5em}th {vertical-align:bottom}td {vertical-align:top}table a {font-weight:bold}.stripe td {background-color: #E6EBF9}.num {text-align:right}.passedodd td {background-color: #3F3}.passedeven td {background-color: #0A0}.skippedodd td {background-color: #DDD}.skippedeven td {background-color: #CCC}.failedodd td,.attn {background-color: #F33}.failedeven td,.stripe .attn {background-color: #D00}.stacktrace {white-space:pre;font-family:monospace}.totop {font-size:85%;text-align:center;border-bottom:2px solid #000}.invisible {display:none}</style>
</head>
<body>
<table>
<tr><th>Test</th><th># Passed</th><th># Skipped</th><th># Retried</th><th># Failed</th><th>Time (ms)</th><th>Included Groups</th><th>Excluded Groups</th></tr>
<tr><th colspan="8">Suite</th></tr>
<tr><td><a href="#t0">LoginTest</a></td><td class="num">2</td><td class="num attn">1</td><td class="num attn">1</td><td class="num">0</td><td class="num">10,628</td><td></td><td></td></tr>
</table>
<table id='summary'><thead><tr><th>Class</th><th>Method</th><th>Start</th><th>Time (ms)</th></tr></thead><tbody><tr><th colspan="4">Suite</th></tr></tbody><tbody id="t0"><tr><th colspan="4">LoginTest &#8212; skipped</th></tr><tr class="skippedeven"><td rowspan="1">wm.TestCases.LoginDDT</td><td><a href="#m0">logintest_002_valid_email_invalid_pass</a></td><td rowspan="1">1748005686368</td><td rowspan="1">2</td></tr><tr><th colspan="4">LoginTest &#8212; retried</th></tr><tr class="retriedeven"><td rowspan="1">wm.TestCases.LoginDDT</td><td><a href="#m1">logintest_002_valid_email_invalid_pass</a></td><td rowspan="1">1748005678499</td><td rowspan="1">1840</td></tr><tr><th colspan="4">LoginTest &#8212; passed</th></tr><tr class="passedeven"><td rowspan="2">wm.TestCases.LoginDDT</td><td><a href="#m2">logintest_002_valid_email_invalid_pass</a></td><td rowspan="2">1748005681677</td><td rowspan="2">1716</td></tr><tr class="passedeven"><td><a href="#m3">logintest_002_valid_email_invalid_pass</a></td></tr></tbody>
</table>
<h2>LoginTest</h2><h3 id="m0">wm.TestCases.LoginDDT#logintest_002_valid_email_invalid_pass</h3><table class="result"><tr class="param"><th>Parameter #1</th><th>Parameter #2</th><th>Parameter #3</th><th>Parameter #4</th><th>Parameter #5</th></tr><tr class="param stripe"><td>TestCase002-Valid user name and invalid password.</td><td>qwer</td><td>Nikhil10</td><td>Bcil@987654321</td><td>Invalid username or password!</td></tr><tr><th colspan="5">Exception</th></tr><tr><td colspan="5"><div class="stacktrace">org.testng.SkipException: Skipping test due to unknown test type: qwer
	at wm.TestCases.LoginDDT.logintest_002_valid_email_invalid_pass(LoginDDT.java:35)
	at java.base/java.util.ArrayList.forEach(ArrayList.java:1597)
	at java.base/java.util.concurrent.FutureTask.run(FutureTask.java:317)
	at java.base/java.util.concurrent.ThreadPoolExecutor.runWorker(ThreadPoolExecutor.java:1144)
	at java.base/java.util.concurrent.ThreadPoolExecutor$Worker.run(ThreadPoolExecutor.java:642)
	at java.base/java.lang.Thread.run(Thread.java:1575)
... Removed 15 stack frames</div></td></tr></table><p class="totop"><a href="#summary">back to summary</a></p>
<h3 id="m1">wm.TestCases.LoginDDT#logintest_002_valid_email_invalid_pass</h3><table class="result"><tr class="param"><th>Parameter #1</th><th>Parameter #2</th><th>Parameter #3</th><th>Parameter #4</th><th>Parameter #5</th></tr><tr class="param stripe"><td>TestCase001- Valid user name and password.</td><td>Positive</td><td>Nikhil10</td><td>Bcil@12345678</td><td>©2025-2026 Bar Code India Limited. All rights reserved.</td></tr><tr><th colspan="5">Exception</th></tr><tr><td colspan="5"><div class="stacktrace">org.openqa.selenium.StaleElementReferenceException: stale element reference: stale element not found in the current frame
  (Session info: chrome=136.0.7103.114)
For documentation on this error, please visit: https://www.selenium.dev/documentation/webdriver/troubleshooting/errors#stale-element-reference-exception
Build info: version: &apos;4.32.0&apos;, revision: &apos;d17c8aa950&apos;
System info: os.name: &apos;Windows 11&apos;, os.arch: &apos;amd64&apos;, os.version: &apos;10.0&apos;, java.version: &apos;23.0.2&apos;
Driver info: org.openqa.selenium.chrome.ChromeDriver
Command: [d49d0a1e943640bfae6eb76f0dd8da19, getElementText {id=f.8E7A0C3BA045CA27950D5B4FB9CFDE9D.d.5D3D1BC16A100DD858A58D96738148F8.e.22}]
Capabilities {acceptInsecureCerts: false, browserName: chrome, browserVersion: 136.0.7103.114, chrome: {chromedriverVersion: 136.0.7103.113 (76fa3c17824..., userDataDir: C:\Users\kharb\AppData\Loca...}, fedcm:accounts: true, goog:chromeOptions: {debuggerAddress: localhost:55045}, networkConnectionEnabled: false, pageLoadStrategy: normal, platformName: windows, proxy: Proxy(), se:cdp: ws://localhost:55045/devtoo..., se:cdpVersion: 136.0.7103.114, setWindowRect: true, strictFileInteractability: false, timeouts: {implicit: 0, pageLoad: 300000, script: 30000}, unhandledPromptBehavior: dismiss and notify, webauthn:extension:credBlob: true, webauthn:extension:largeBlob: true, webauthn:extension:minPinLength: true, webauthn:extension:prf: true, webauthn:virtualAuthenticators: true}
Element: [[ChromeDriver: chrome on windows (d49d0a1e943640bfae6eb76f0dd8da19)] -&gt; xpath: //div[@class=&apos;copyright&apos;]]
Session ID: d49d0a1e943640bfae6eb76f0dd8da19
	at org.openqa.selenium.remote.ErrorCodec.decode(ErrorCodec.java:167)
	at org.openqa.selenium.remote.codec.w3c.W3CHttpResponseCodec.decode(W3CHttpResponseCodec.java:138)
	at org.openqa.selenium.remote.codec.w3c.W3CHttpResponseCodec.decode(W3CHttpResponseCodec.java:50)
	at org.openqa.selenium.remote.HttpCommandExecutor.execute(HttpCommandExecutor.java:215)
	at org.openqa.selenium.remote.service.DriverCommandExecutor.invokeExecute(DriverCommandExecutor.java:216)
	at org.openqa.selenium.remote.service.DriverCommandExecutor.execute(DriverCommandExecutor.java:174)
	at org.openqa.selenium.remote.RemoteWebDriver.execute(RemoteWebDriver.java:545)
	at org.openqa.selenium.remote.RemoteWebElement.execute(RemoteWebElement.java:223)
	at org.openqa.selenium.remote.RemoteWebElement.getText(RemoteWebElement.java:191)
	at org.openqa.selenium.support.pagefactory.internal.LocatingElementHandler.invoke(LocatingElementHandler.java:51)
	at jdk.proxy2/jdk.proxy2.$Proxy18.getText(Unknown Source)
	at wm.PageObjects.HomePage.getLoginMessage(HomePage.java:50)
	at wm.TestCases.LoginDDT.logintest_002_valid_email_invalid_pass(LoginDDT.java:24)
	at java.base/java.util.ArrayList.forEach(ArrayList.java:1597)
	at java.base/java.util.concurrent.FutureTask.run(FutureTask.java:317)
	at java.base/java.util.concurrent.ThreadPoolExecutor.runWorker(ThreadPoolExecutor.java:1144)
	at java.base/java.util.concurrent.ThreadPoolExecutor$Worker.run(ThreadPoolExecutor.java:642)
	at java.base/java.lang.Thread.run(Thread.java:1575)
... Removed 20 stack frames</div></td></tr></table><p class="totop"><a href="#summary">back to summary</a></p>
<h3 id="m2">wm.TestCases.LoginDDT#logintest_002_valid_email_invalid_pass</h3><table class="result"><tr class="param"><th>Parameter #1</th><th>Parameter #2</th><th>Parameter #3</th><th>Parameter #4</th><th>Parameter #5</th></tr><tr class="param stripe"><td>TestCase001- Valid user name and password.</td><td>Positive</td><td>Nikhil10</td><td>Bcil@12345678</td><td>©2025-2026 Bar Code India Limited. All rights reserved.</td></tr></table><p class="totop"><a href="#summary">back to summary</a></p>
<h3 id="m3">wm.TestCases.LoginDDT#logintest_002_valid_email_invalid_pass</h3><table class="result"><tr class="param"><th>Parameter #1</th><th>Parameter #2</th><th>Parameter #3</th><th>Parameter #4</th><th>Parameter #5</th></tr><tr class="param stripe"><td>TestCase002-Valid user name and invalid password.</td><td>Negative</td><td>Nikhil10</td><td>Bcil@987654321</td><td>Invalid username or password!</td></tr></table><p class="totop"><a href="#summary">back to summary</a></p>
</body>
</html>
